0 8.16822
0.0689722 8.17204
0.14875 8.1917
0.225472 8.22332
0.283472 8.2506
0.356361 8.2722
0.426139 8.30326
0.500861 8.33189
0.573972 8.36601
0.66 8.39521
0.722417 8.42716
0.804139 8.45349
0.875667 8.48203
0.947028 8.51013
1.02781 8.53727
1.11706 8.58076
1.189 8.61894
1.26611 8.65204
1.33947 8.68385
1.41731 8.71483
1.50239 8.75175
1.58328 8.78327
1.65458 8.82231
1.7345 8.8501
1.82742 8.88669
1.90803 8.93337
1.98494 8.9693
2.06778 9.01548
2.15356 9.06135
2.24031 9.11294
2.32836 9.16212
2.41389 9.21214
2.48411 9.24711
2.58208 9.28639
2.65497 9.33064
2.73847 9.37946
2.82333 9.42671
2.90019 9.47689
2.99747 9.51724
3.08861 9.56557
3.19203 9.62779
3.27336 9.69675
3.36817 9.76082
3.46431 9.82575
3.55175 9.89668
3.62119 9.93775
3.72786 9.98264
3.82331 10.0309
3.90833 10.0897
4.00431 10.1521
4.10233 10.2066
4.18847 10.2641
4.28853 10.3193
4.40128 10.3924
4.49317 10.4609
4.58556 10.519
4.67353 10.5779
4.77503 10.6303
4.85414 10.6826
4.94283 10.7088
5.02142 10.7339
5.11486 10.747
5.19581 10.7715
5.28636 10.7827
5.39561 10.8121
5.50111 10.86
5.56919 10.8979
5.67683 10.9338
5.77861 10.982
5.87531 11.019
5.98681 11.0517
6.07589 11.0818
6.16808 11.1096
6.26692 11.1329
6.371 11.1627
6.494 11.2238
6.58169 11.278
6.68481 11.3297
6.78072 11.3689
6.91211 11.4156
7.02322 11.4822
7.10964 11.5384
7.20672 11.5771
7.31147 11.5956
7.4155 11.6126
7.52294 11.6375
7.63311 11.6776
7.74475 11.7299
7.86858 11.7936
7.94583 11.8582
8.04336 11.8993
8.15914 11.971
8.26039 12.0377
8.35086 12.0938
8.45719 12.1349
8.57181 12.1791
8.67497 12.224
8.767 12.2679
8.86289 12.2923
8.96939 12.3099
9.06669 12.3176
9.16603 12.3325
9.26225 12.3417
9.34861 12.3461
9.43792 12.3331
9.52917 12.2961
9.63614 12.283
9.72725 12.2532
9.82808 12.2359
9.91664 12.1998
10.0329 12.144
10.14 12.1301
10.2205 12.1227
10.3002 12.0932
10.4086 12.0628
10.5222 12.0456
10.6428 12.0447
10.7268 12.0292
10.8129 11.9777
10.9049 11.932
11.005 11.9173
11.1073 11.8739
11.2198 11.857
11.3209 11.8649
11.4378 11.8746
11.5495 11.8745
11.6362 11.8791
11.7527 11.8783
11.8559 11.9051
11.9354 11.9103
12.0171 11.8942
12.1357 11.8736
12.2314 11.8785
12.3378 11.8842
12.4304 11.9041
12.5118 11.9143
12.6333 11.9117
12.7624 11.951
12.8679 11.9957
12.9568 12.0445
13.0709 12.0805
13.1973 12.0978
13.3071 12.1423
13.4086 12.2082
13.514 12.2684
13.6107 12.2988
13.7161 12.303
13.8217 12.3121
13.9129 12.3379
14.0199 12.3664
14.0969 12.3748
14.2051 12.3856
14.3197 12.3861
14.4354 12.3974
14.5312 12.4023
14.6701 12.4113
14.7741 12.4378
14.881 12.4706
15.0056 12.487
15.0989 12.5231
15.197 12.5663
15.2973 12.5994
15.4012 12.6144
15.5108 12.6431
15.6071 12.6562
15.7088 12.6807
15.8217 12.705
15.9128 12.7014
15.9907 12.6561
16.1069 12.6272
16.2303 12.6217
16.3245 12.6111
16.4139 12.5767
16.5044 12.5327
16.5908 12.4787
16.6749 12.4283
16.7834 12.3823
16.8546 12.3299
16.9618 12.2785
17.0634 12.2486
17.1866 12.2554
17.2792 12.2743
17.3973 12.2901
17.5094 12.2881
17.6299 12.3057
17.7244 12.3047
17.8354 12.2824
17.9135 12.2483
18.0095 12.2
18.1046 12.1547
18.2104 12.1199
18.3114 12.101
18.4108 12.0866
18.5244 12.0728
18.6303 12.0789
18.726 12.082
18.8178 12.0677
18.9107 12.0492
19.0192 12.0581
19.1279 12.069
19.2444 12.0776
19.3525 12.0856
19.4536 12.0853
19.5466 12.1016
19.6328 12.1233
19.7311 12.1468
19.8474 12.1685
19.9756 12.2327
20.098 12.3219
20.1982 12.3696
20.3075 12.4021
20.4245 12.4344
20.5048 12.4497
20.5882 12.4331
20.6908 12.3919
20.7871 12.3555
20.878 12.3142
20.993 12.2935
21.1052 12.3132
21.2163 12.3473
21.3265 12.3785
21.4081 12.3897
21.5024 12.3864
21.5862 12.3638
21.6794 12.3207
21.7918 12.3009
21.8822 12.2867
22.0051 12.2891
22.1065 12.3046
22.2282 12.3271
22.3384 12.3308
22.4639 12.3421
22.5627 12.3781
22.664 12.3956
22.7603 12.4192
22.8442 12.4309
22.9886 12.4548
23.0957 12.4588
23.1831 12.435
23.3166 12.4419
23.4285 12.461
23.5255 12.4555
23.6007 12.4371
23.6936 12.4284
23.7846 12.4179
23.9024 12.4198
24.0256 12.459
24.1227 12.4816
24.2316 12.4952
24.3423 12.4883
24.4452 12.4909
24.52 12.4865
24.6266 12.4792
24.7235 12.4977
24.8443 12.529
24.9421 12.5479
25.0409 12.5663
25.137 12.5743
25.2625 12.5779
25.3737 12.5817
25.4737 12.5839
25.5692 12.5595
25.6552 12.5122
25.7542 12.4789
25.8375 12.4379
25.9456 12.4183
26.0365 12.3818
26.1318 12.3253
26.2298 12.2826
26.342 12.2453
26.4436 12.188
26.5326 12.1493
26.6516 12.1434
26.7599 12.1617
26.8638 12.1936
26.9868 12.2243
27.0842 12.2397
27.1856 12.2486
27.2848 12.2345
27.3762 12.2195
27.4767 12.1909
27.5836 12.2006
27.6802 12.2134
27.7785 12.1992
27.8989 12.2038
28.0014 12.2135
28.1146 12.2307
28.1975 12.2428
28.2834 12.2131
28.4031 12.1787
28.5079 12.1693
28.5978 12.1654
28.6915 12.1617
28.8023 12.1612
28.9093 12.1811
29.0372 12.2204
29.1416 12.2702
29.2377 12.3097
29.3383 12.3353
29.4443 12.3601
29.5373 12.3747
29.656 12.3995
29.7531 12.4152
29.8781 12.4297
29.9913 12.4447
30.1038 12.4645
30.195 12.459
30.2968 12.4512
30.3903 12.4542
30.5087 12.4567
30.6225 12.4882
30.7293 12.502
30.8371 12.5265
30.9633 12.5821
31.0966 12.6331
31.2326 12.6951
31.3853 12.7808
31.4948 12.8702
31.5974 12.9663
31.6866 13.0234
31.8059 13.0548
31.9163 13.097
32.0203 13.151
32.0909 13.1772
32.2084 13.1866
32.3256 13.1822
32.4014 13.1583
32.4837 13.1214
32.5639 13.0819
32.6526 13.0263
32.7675 12.9862
32.8773 12.9579
33.0094 12.9546
33.125 12.963
33.256 12.9864
33.3702 13.0003
33.4748 13.0221
33.5935 13.0634
33.7024 13.0946
33.8192 13.128
33.9388 13.1614
34.012 13.1667
34.1143 13.1626
34.2379 13.154
34.371 13.1405
34.503 13.1163
34.6026 13.0693
34.7448 13.0365
34.8553 13.0342
34.9716 13.0539
35.1291 13.1131
35.2628 13.1829
35.3688 13.2358
35.4762 13.2997
35.5598 13.3415
35.6613 13.3507
35.7614 13.3508
35.8734 13.3903
35.9815 13.4406
36.0862 13.5086
36.1941 13.5649
36.3002 13.597
36.4045 13.5991
36.5194 13.5845
