0 8.22122
0.0579722 8.21524
0.127472 8.21697
0.204389 8.2325
0.272611 8.25187
0.348861 8.26935
0.432472 8.29612
0.498611 8.32257
0.576083 8.34636
0.659361 8.37475
0.731833 8.40283
0.815528 8.44514
0.90025 8.48153
1.00144 8.53492
1.08356 8.603
1.16856 8.66464
1.24606 8.71775
1.33542 8.77051
1.41692 8.83963
1.50794 8.90745
1.59175 8.98463
1.68739 9.06498
1.77997 9.14781
1.86147 9.21865
1.95144 9.2933
2.04939 9.36705
2.11883 9.43155
2.22964 9.51402
2.32178 9.5952
2.40353 9.66985
2.49028 9.73524
2.57697 9.81013
2.65417 9.88741
2.75472 9.95772
2.85189 10.0386
2.95186 10.1299
3.06125 10.2063
3.16786 10.3129
3.24781 10.4091
3.34592 10.4955
3.43794 10.5749
3.52094 10.6354
3.604 10.6871
3.70525 10.7199
3.78922 10.7397
3.87306 10.7613
3.99011 10.8039
4.1075 10.8579
4.20319 10.9273
4.30878 10.9895
4.41389 11.0557
4.49344 11.1105
4.60239 11.1471
4.69308 11.1912
4.80997 11.2439
4.90747 11.2924
5.01639 11.3529
5.10031 11.3953
5.19508 11.4186
5.30181 11.4519
5.39117 11.4918
5.49883 11.5377
5.58875 11.5759
5.67281 11.6066
5.79003 11.6412
5.88294 11.6675
5.98042 11.6744
6.08825 11.6717
6.20647 11.6958
6.28136 11.7135
6.39189 11.7251
6.48864 11.749
6.57375 11.7812
6.67325 11.8088
6.76717 11.8409
6.85561 11.8572
6.96764 11.8708
7.06572 11.8799
7.14625 11.8584
7.23081 11.8234
7.33789 11.7862
7.45456 11.7835
7.57997 11.8018
7.67606 11.8371
7.76478 11.8393
7.87261 11.8402
7.99125 11.8483
8.09889 11.8767
8.23461 11.922
8.34 11.977
8.423 12.0174
8.53225 12.0358
8.66233 12.0877
8.75267 12.1424
8.84111 12.1725
8.936 12.1784
9.04003 12.2006
9.14517 12.2148
9.23583 12.2047
9.35919 12.2116
9.4415 12.2236
9.52928 12.2183
9.61308 12.1996
9.69803 12.1817
9.78072 12.1484
9.86297 12.1291
9.97369 12.0967
10.0786 12.0727
10.1719 12.0686
10.2922 12.0981
10.4112 12.1391
10.528 12.1819
10.6266 12.1977
10.7302 12.1903
10.8547 12.2186
10.9615 12.2556
11.0608 12.2758
11.1559 12.27
11.2611 12.2498
11.4014 12.2334
11.5284 12.2758
11.6182 12.3092
11.7274 12.3134
11.8262 12.3104
11.9499 12.3166
12.0692 12.3599
12.1766 12.4114
12.2665 12.4349
12.3628 12.4517
12.4513 12.4416
12.5827 12.4397
12.6871 12.4816
12.8221 12.5479
12.9362 12.6305
13.0456 12.7327
13.1396 12.8202
13.2552 12.8998
13.371 12.9752
13.4872 13.0464
13.5876 13.0928
13.6738 13.1015
13.7716 13.076
13.8532 13.0449
13.9644 13.0181
14.0626 12.9847
14.1379 12.9259
14.2427 12.8667
14.3548 12.8471
14.4309 12.8171
14.5701 12.7795
14.6837 12.7344
14.793 12.7175
14.8781 12.692
15.0008 12.6752
15.1 12.6701
15.2278 12.6617
15.3551 12.6521
15.4663 12.6753
15.5941 12.7306
15.6819 12.7743
15.7768 12.8097
15.8974 12.8157
16.0086 12.815
16.0919 12.7928
16.1864 12.7368
16.2707 12.6865
16.3497 12.6245
16.4504 12.5517
16.5624 12.4826
16.653 12.4303
16.7448 12.3924
16.8442 12.3645
16.9609 12.3696
17.0792 12.3897
17.1931 12.4166
17.3053 12.4664
17.4256 12.5335
17.5349 12.5753
17.6244 12.6198
17.7262 12.6368
17.8421 12.6377
17.956 12.6373
18.0405 12.6422
18.1394 12.6386
18.2282 12.6115
18.3306 12.5706
18.4325 12.5203
18.5425 12.4717
18.6617 12.4123
18.7543 12.3837
18.8769 12.383
18.9986 12.3862
19.1028 12.3834
19.2227 12.3933
19.336 12.4509
19.4083 12.4791
19.4994 12.5066
19.6222 12.5441
19.7112 12.5649
19.8093 12.5755
19.8943 12.588
19.985 12.5859
20.0882 12.5603
20.1972 12.5445
20.3106 12.5244
20.3932 12.495
20.4967 12.4444
20.5831 12.3955
20.6635 12.3428
20.7521 12.2832
20.8362 12.2122
20.9237 12.1313
21.0357 12.0796
21.1324 12.0487
21.2246 12.0326
21.3277 12.0162
21.4567 12.0288
21.5728 12.0452
21.6889 12.0741
21.8019 12.0991
21.895 12.0913
22.0107 12.0796
22.1266 12.0802
22.2427 12.0893
22.371 12.0861
22.4748 12.1054
22.5775 12.1596
22.7039 12.1937
22.8156 12.2477
22.9328 12.2984
23.0155 12.351
23.112 12.3853
23.2401 12.4396
23.3654 12.4861
23.4826 12.5392
23.5996 12.6005
23.7371 12.6725
23.8232 12.7441
23.9243 12.8016
24.0311 12.8846
24.1521 12.9657
24.2704 13.0654
24.3637 13.1307
24.5081 13.2127
24.6411 13.3071
24.7677 13.425
24.8914 13.5024
25.0068 13.5578
25.1051 13.5883
25.2086 13.5963
25.3236 13.6139
25.4057 13.6227
25.5254 13.6195
25.6107 13.5981
25.7288 13.5531
25.8392 13.539
25.9421 13.512
26.0222 13.4737
26.1274 13.4179
26.2212 13.37
26.2983 13.3054
26.3864 13.2541
26.4889 13.1988
26.5752 13.1221
26.6867 13.0373
26.7927 12.9702
26.8834 12.8959
26.9873 12.8226
27.0833 12.7887
27.1898 12.7544
27.2744 12.7011
27.3843 12.6364
27.5089 12.6126
27.6394 12.5893
27.7536 12.5707
27.8354 12.5004
27.9281 12.4203
28.0396 12.3574
28.1889 12.3224
28.2873 12.3276
28.3995 12.3253
28.5265 12.3405
28.6458 12.3741
28.713 12.3839
28.8256 12.3902
28.9247 12.3839
29.0133 12.3646
29.1186 12.3551
29.1991 12.3485
29.2903 12.3277
29.402 12.3332
29.5077 12.3661
29.6207 12.4001
29.7392 12.4571
29.8582 12.5172
29.9674 12.5599
30.1008 12.6285
30.2086 12.6966
30.3041 12.7411
30.3877 12.7598
30.4696 12.7697
30.5812 12.7749
