0 7.72878
0.07 7.73212
0.144361 7.74245
0.220194 7.77082
0.293056 7.80214
0.365583 7.84117
0.440722 7.87439
0.515083 7.91812
0.609583 7.97494
0.673528 8.03771
0.768583 8.10767
0.834111 8.1789
0.909639 8.23906
0.984111 8.29185
1.06956 8.3482
1.15092 8.41617
1.23025 8.49063
1.30425 8.55724
1.38689 8.61947
1.44956 8.67391
1.53364 8.71759
1.62581 8.7823
1.72333 8.85784
1.80492 8.93638
1.89744 9.02112
1.97981 9.10622
2.06244 9.18823
2.14578 9.25784
2.22175 9.32561
2.31103 9.37304
2.38653 9.41784
2.48189 9.46565
2.58864 9.5359
2.68867 9.60916
2.75892 9.67661
2.84764 9.73349
2.93214 9.78373
3.01808 9.83634
3.12036 9.88466
3.21597 9.94509
3.31864 10.0075
3.40347 10.0706
3.48303 10.1217
3.59131 10.189
3.68769 10.2604
3.78692 10.3276
3.88647 10.3985
3.97842 10.4666
4.06544 10.5308
4.16831 10.6059
4.27469 10.6892
4.35883 10.7593
4.46597 10.807
4.56122 10.8567
4.65481 10.9044
4.74683 10.9456
4.83019 10.9749
4.93431 11.0155
5.01503 11.0483
5.13239 11.1039
5.23403 11.1675
5.34086 11.2298
5.40775 11.2573
5.48644 11.2527
5.59572 11.2582
5.69753 11.2916
5.79714 11.3357
5.90825 11.3835
6.022 11.4412
6.11567 11.48
6.21114 11.5048
6.28347 11.51
6.38325 11.5241
6.49514 11.5496
6.61958 11.5808
6.71975 11.6145
6.82644 11.6511
6.92642 11.6894
7.05397 11.7325
7.14956 11.7756
7.27047 11.8128
7.37747 11.8752
7.46822 11.9172
7.58908 11.9673
7.74092 12.0368
7.84194 12.1199
7.95381 12.2046
8.06231 12.2818
8.18711 12.365
8.27325 12.4203
8.38828 12.4639
8.50833 12.5145
8.60103 12.5618
8.71569 12.6401
8.81881 12.7124
8.94403 12.7721
9.05056 12.8242
9.15386 12.8668
9.27294 12.8958
9.3845 12.9283
9.51567 12.9824
9.62517 13.0621
9.73514 13.1512
9.84406 13.2169
9.95056 13.2529
10.0925 13.302
10.218 13.3563
10.3461 13.4258
10.4763 13.499
10.6166 13.5828
10.7346 13.6648
10.8773 13.7249
10.9971 13.8172
11.0967 13.8695
11.2036 13.8922
11.3244 13.8949
11.447 13.903
11.5437 13.9131
11.6742 13.9222
11.8117 13.9573
11.9555 14.0311
12.0792 14.0874
12.1961 14.1571
12.2885 14.2007
12.4204 14.2307
12.5285 14.2647
12.6493 14.2952
12.7549 14.3218
12.8717 14.3346
12.9578 14.3425
13.0457 14.3072
13.1541 14.2591
13.257 14.2169
13.392 14.1965
13.4906 14.1847
13.6092 14.1525
13.718 14.1259
13.8351 14.0843
13.9353 14.0323
14.0507 13.9659
14.1488 13.8926
14.2663 13.8185
14.375 13.7449
14.4883 13.6927
14.5964 13.6542
14.735 13.6453
14.8444 13.649
14.98 13.6547
15.1077 13.6756
15.215 13.6795
15.33 13.6338
15.4358 13.589
15.5375 13.5346
15.6694 13.5143
15.7677 13.5082
15.8702 13.4673
15.9556 13.4223
16.0843 13.3937
16.1882 13.3784
16.2894 13.3585
16.3944 13.3653
16.4928 13.3667
16.5897 13.3629
16.6871 13.3333
16.7841 13.3062
16.8741 13.2649
16.9883 13.218
17.1307 13.2002
17.2406 13.2106
17.3427 13.2018
17.4858 13.2272
17.5786 13.2454
17.6784 13.2338
17.7818 13.2323
17.9259 13.2368
18.0483 13.2452
18.1726 13.2529
18.2793 13.2545
18.3732 13.224
18.4821 13.1829
18.5963 13.1528
18.6855 13.1289
18.8165 13.1114
18.9237 13.0939
19.0734 13.0947
19.2292 13.1712
19.3364 13.2472
19.4915 13.3315
19.6146 13.4201
19.7162 13.5013
19.8292 13.5633
19.9765 13.644
20.0945 13.7221
20.2091 13.8123
20.3125 13.8871
20.4156 13.9568
20.5325 14.0075
20.6095 14.0108
20.7228 13.9782
20.8787 13.9968
20.9645 13.9918
21.1103 13.9901
21.2123 14.0292
21.3518 14.0782
21.4523 14.1067
21.5338 14.0866
21.6264 14.0292
21.7143 13.97
21.8148 13.9197
21.9144 13.8788
22.0257 13.8382
22.1424 13.8136
22.2738 13.8341
22.3894 13.8314
22.4878 13.819
22.6052 13.76
22.7423 13.718
22.851 13.6604
22.9606 13.5883
23.0633 13.5391
23.1623 13.4919
23.2816 13.427
23.4057 13.3834
23.5491 13.3571
23.657 13.3551
23.7673 13.3617
23.8616 13.359
23.9728 13.3666
24.0696 13.3849
24.1749 13.3604
24.3157 13.3577
24.4079 13.3498
24.5077 13.3118
24.6181 13.258
24.724 13.2083
24.8184 13.1784
24.9409 13.1899
25.0392 13.2055
25.162 13.232
25.2644 13.2709
25.3876 13.3141
25.4811 13.3454
25.5853 13.3185
25.683 13.2963
25.773 13.2552
25.8888 13.2142
25.9987 13.1732
26.0771 13.1218
26.1644 13.0574
26.2544 12.9765
26.3649 12.9257
26.4798 12.8947
26.5673 12.8489
26.6669 12.7705
26.7797 12.6944
26.8765 12.6333
26.967 12.5777
27.0809 12.5358
27.2219 12.5383
27.3212 12.5475
27.4148 12.5315
27.5268 12.5132
27.6635 12.5147
27.7827 12.548
27.8925 12.5909
28.0119 12.636
28.1113 12.6542
28.1927 12.6542
28.2735 12.6257
28.4041 12.5824
28.4966 12.5613
28.6235 12.5437
28.7577 12.5834
28.8848 12.632
28.9761 12.6755
29.078 12.7063
29.1829 12.7211
29.2707 12.7379
29.3612 12.7461
29.4612 12.7622
29.5471 12.7636
29.6837 12.7692
29.8029 12.8046
29.9251 12.845
30.0595 12.9112
30.188 12.9749
30.3049 13.0653
30.38 13.1213
30.5062 13.1294
30.6341 13.1517
30.7431 13.1811
30.8791 13.2284
31.008 13.265
31.1061 13.2726
31.2246 13.2784
31.3289 13.275
31.4498 13.2908
31.5582 13.3262
31.7094 13.4078
31.8019 13.4888
31.9217 13.5278
32.0707 13.5768
32.1731 13.6022
32.2888 13.6045
32.3889 13.62
32.4839 13.6268
32.5822 13.6162
32.6971 13.6192
32.831 13.6625
32.9302 13.7217
33.0462 13.7667
33.1507 13.8085
33.2646 13.8109
33.3874 13.8256
33.4892 13.813
33.6087 13.7941
33.7177 13.7573
33.838 13.7446
33.9292 13.7423
34.0354 13.719
34.1573 13.6881
34.2754 13.6634
34.4278 13.6643
34.5322 13.6782
34.6521 13.6849
34.7376 13.6794
34.8887 13.68
35.0006 13.6908
35.128 13.6877
35.2285 13.6875
35.3234 13.6749
35.4118 13.6273
35.5553 13.5797
35.6552 13.557
35.7693 13.5411
35.9398 13.5669
36.0499 13.6487
36.1487 13.702
36.2564 13.718
36.3856 13.7405
36.5408 13.7946
36.6771 13.8722
36.826 13.9656
36.9422 14.0325
37.0569 14.0856
37.1447 14.1133
37.2645 14.1287
37.368 14.1477
37.5036 14.1678
37.6391 14.2091
37.7702 14.2774
37.9103 14.3368
38.0326 14.3761
38.1473 14.393
38.2391 14.3913
38.335 14.386
38.4435 14.3628
38.541 14.3237
38.6416 14.2625
38.755 14.2162
38.8928 14.2081
38.9906 14.2324
39.0957 14.2279
39.2336 14.2297
39.3642 14.2534
39.5008 14.2784
39.6339 14.2704
39.7231 14.2822
39.8366 14.301
39.9411 14.2854
40.0654 14.2469
40.1631 14.1768
40.2763 14.0818
40.3731 14.0074
40.5035 13.9421
40.6156 13.915
40.7365 13.9104
40.8323 13.903
40.9571 13.8789
41.0552 13.8426
41.1449 13.7684
41.2664 13.7011
41.3864 13.6255
41.5178 13.5778
41.6218 13.5559
41.7152 13.5461
41.8581 13.5621
41.9733 13.5945
42.0819 13.6379
42.1781 13.6656
42.2942 13.6683
42.4099 13.6687
42.5218 13.6807
42.626 13.6714
42.7049 13.6223
42.7674 13.512
42.8687 13.3817
42.9785 13.2731
43.0909 13.199
43.2066 13.1499
43.3006 13.1147
43.3986 13.0646
43.52 13.0398
43.6382 13.0235
43.7593 13.0305
43.8459 13.0152
43.9402 12.9696
44.0212 12.9154
44.1104 12.8567
44.2199 12.8028
44.3303 12.7716
44.4415 12.7469
44.5377 12.7274
44.6823 12.7119
44.7979 12.7062
44.9123 12.7172
45.0078 12.7057
45.1264 12.6759
45.2342 12.6599
45.3396 12.6482
45.4199 12.6312
45.5019 12.5678
45.599 12.5071
45.6963 12.4485
45.7852 12.4095
45.893 12.4139
45.9988 12.4438
46.0983 12.459
46.1797 12.445
46.2801 12.417
46.3809 12.3824
46.4832 12.3748
46.5728 12.3568
46.6917 12.3351
46.861 12.3171
46.9867 12.3525
47.0621 12.3993
47.179 12.4432
47.2929 12.5141
47.4006 12.5668
47.5277 12.6244
47.6604 12.6801
47.7973 12.7409
47.9052 12.7924
47.9964 12.8105
48.104 12.8059
48.2456 12.8185
48.376 12.8676
48.491 12.9098
48.5972 12.9432
48.6786 12.9646
48.8088 13.0129
48.9369 13.0769
49.057 13.1687
49.1617 13.2493
49.2829 13.3209
49.4035 13.387
49.5493 13.4623
49.6395 13.5577
49.7198 13.6159
49.8421 13.6669
49.9596 13.7145
50.0898 13.7845
50.1992 13.8358
50.3389 13.8772
50.4616 13.8966
50.5674 13.9168
50.6988 13.9531
50.8103 13.9824
50.9101 14.0109
51.0037 13.9951
51.0834 13.9434
51.1785 13.861
51.2801 13.7703
51.4049 13.7184
51.5111 13.691
51.6594 13.673
51.7806 13.6631
51.8893 13.6372
52.0187 13.6352
52.1514 13.6675
52.2671 13.7274
52.3653 13.7446
52.4942 13.7458
52.6214 13.7491
52.7391 13.7732
52.8647 13.7885
52.9905 13.7978
53.1052 13.804
53.2182 13.8339
53.3188 13.8675
53.4478 13.8909
53.5403 13.882
53.6577 13.881
53.761 13.8538
53.8748 13.7973
53.9948 13.7604
54.1194 13.7457
54.2523 13.7388
54.3661 13.7517
54.4891 13.7859
54.6433 13.8797
54.7637 13.9903
54.8775 14.0892
54.9857 14.1576
55.0919 14.2037
55.1861 14.2104
55.2862 14.1706
55.4167 14.1462
55.5446 14.1379
55.6325 14.1097
55.7319 14.047
55.8876 14.0282
55.9932 14.0249
