0 8.21611
0.0831111 8.22642
0.157806 8.24466
0.224556 8.26344
0.301222 8.27446
0.390056 8.29265
0.460694 8.33705
0.532222 8.38629
0.621972 8.43168
0.693806 8.49
0.782 8.54594
0.860222 8.58925
0.942972 8.6348
1.02875 8.70312
1.1155 8.7686
1.20083 8.84987
1.29192 8.92247
1.38392 9.00348
1.46281 9.07795
1.55297 9.14358
1.63503 9.23198
1.72819 9.31464
1.79747 9.3834
1.88325 9.4395
1.9765 9.49185
2.05503 9.54561
2.15006 9.60489
2.24408 9.67482
2.34986 9.75815
2.42708 9.82687
2.53619 9.89603
2.62481 9.96124
2.72692 10.0331
2.81286 10.107
2.90542 10.175
2.99781 10.2491
3.08622 10.3071
3.1795 10.3676
3.27503 10.4385
3.37839 10.5085
3.45222 10.5602
3.54067 10.5947
3.62417 10.6301
3.72097 10.6594
3.82875 10.7079
3.91889 10.7435
4.03497 10.7919
4.13147 10.8425
4.22822 10.892
4.32933 10.9561
4.41767 11.0015
4.52394 11.0396
4.62822 11.0986
4.72933 11.1617
4.86872 11.2446
4.95983 11.3435
5.092 11.4363
5.1765 11.5142
5.28608 11.5731
5.39194 11.6345
5.47817 11.6728
5.58836 11.712
5.69247 11.7444
5.78317 11.7798
5.87789 11.8132
5.98331 11.8451
6.08856 11.876
6.2 11.9274
6.31519 11.9764
6.42603 12.0181
6.50731 12.068
6.63375 12.1272
6.72997 12.2046
6.81731 12.247
6.92678 12.2733
7.01111 12.3061
7.10578 12.3064
7.20406 12.2991
7.31411 12.3024
7.39564 12.2977
7.51997 12.3079
7.62878 12.3281
7.72269 12.3428
7.823 12.3574
7.93033 12.3434
8.05244 12.329
8.16147 12.3187
8.24572 12.3112
8.35183 12.2963
8.45883 12.2857
8.5755 12.2934
8.70108 12.3146
8.82881 12.3722
8.93969 12.4267
9.02233 12.4678
9.15428 12.5103
9.24425 12.5486
9.38303 12.5792
9.49061 12.6078
9.58836 12.6312
9.68283 12.6475
9.79267 12.6566
9.92672 12.675
10.0589 12.7329
10.1599 12.794
10.3013 12.8598
10.4178 12.9597
10.5445 13.0618
10.6614 13.1466
10.7601 13.2241
10.8688 13.2821
11.0028 13.3314
11.1081 13.3801
11.2229 13.4363
11.3154 13.4735
11.4203 13.486
11.523 13.4879
11.62 13.4827
11.7459 13.4995
11.8783 13.5411
11.9742 13.5743
12.1142 13.5964
12.2603 13.6176
12.3596 13.6378
12.4995 13.6766
12.5847 13.7059
12.7062 13.7211
12.8163 13.7398
12.9279 13.7436
13.0873 13.78
13.193 13.8289
13.3015 13.8771
13.3932 13.8924
13.4941 13.8646
13.5815 13.8152
13.6854 13.7568
13.8241 13.7098
13.9385 13.678
14.0445 13.6382
14.1435 13.6097
14.2596 13.5903
14.3629 13.5755
14.4904 13.5541
14.5926 13.5342
14.703 13.5298
14.7986 13.5387
14.8942 13.5228
15.0239 13.5394
15.1369 13.5561
15.2357 13.533
15.3566 13.5204
15.4565 13.5016
15.5609 13.4362
15.6604 13.3746
15.7771 13.3244
15.8939 13.2849
15.9813 13.2565
16.0713 13.2024
16.1578 13.1425
16.2593 13.0462
16.3797 12.9786
16.5033 12.9305
16.6485 12.9261
16.7458 12.958
16.8514 12.9926
16.986 13.0463
17.0856 13.0666
17.1841 13.0497
17.3068 13.0516
17.3948 13.0417
17.516 13.0319
17.6066 13.0156
17.7416 13.0158
17.8527 13.0156
17.9796 13.0193
18.0688 13.0293
18.1815 13.0494
18.2787 13.0488
18.3778 13.0169
18.4987 13.0067
18.6251 13.0177
18.7485 13.0522
18.8816 13.0999
18.9869 13.1561
19.074 13.1816
19.1741 13.1713
19.2678 13.1609
19.3919 13.1747
19.5108 13.2197
19.5965 13.2617
19.7184 13.2665
19.8194 13.2836
19.9397 13.2696
20.0643 13.2515
20.1551 13.2461
20.2896 13.2349
20.4001 13.2326
20.5183 13.2489
20.6119 13.2499
20.6999 13.2381
20.7833 13.2085
20.895 13.1839
20.9853 13.1506
21.0894 13.1031
21.1767 13.0543
21.2852 12.9943
21.4128 12.9619
21.5384 12.971
21.6426 13.0062
21.749 13.0185
21.8519 13.0015
21.9596 12.9619
22.0714 12.9281
22.182 12.8815
22.2755 12.8534
22.3618 12.8318
22.4664 12.8195
22.5881 12.8137
22.7551 12.8277
22.8348 12.8648
22.9485 12.8946
23.0502 12.8963
23.1666 12.8984
23.2737 12.892
23.3786 12.8869
23.4937 12.8798
23.5899 12.856
23.6922 12.8263
23.8127 12.8237
23.9095 12.8292
24.0247 12.8562
24.117 12.8767
24.239 12.8907
24.3466 12.9233
24.4358 12.9435
24.5355 12.9708
24.6515 12.9729
24.7614 12.9586
24.8825 12.9537
24.9672 12.9448
25.0778 12.9311
25.1569 12.9029
25.2621 12.8666
25.367 12.8337
25.4793 12.8246
25.5792 12.8329
25.6804 12.8358
25.7802 12.8265
25.8773 12.7805
25.977 12.7135
26.0846 12.6726
26.199 12.6497
26.2969 12.6169
26.4116 12.5976
26.5096 12.577
26.6157 12.5512
26.7089 12.5268
26.8274 12.5127
26.9391 12.4999
27.0392 12.5009
27.1373 12.4927
27.2522 12.4924
27.3461 12.4924
27.4555 12.4823
27.5621 12.4851
27.6782 12.4944
27.7863 12.5204
27.8648 12.5108
27.9996 12.4932
28.0788 12.4809
28.1845 12.471
28.2951 12.4735
28.3863 12.4837
28.4935 12.4915
28.6393 12.515
28.7272 12.5449
28.8237 12.5557
28.918 12.5593
29.0129 12.554
29.1211 12.5627
29.2307 12.5635
29.3675 12.5757
29.4969 12.6137
29.6078 12.6568
29.7504 12.7217
29.8932 12.8173
30.0123 12.9075
30.1257 12.9861
30.2321 13.0375
30.3556 13.0801
30.4545 13.1257
30.5666 13.1604
30.6533 13.1798
30.758 13.1857
30.8858 13.198
30.977 13.2036
31.0861 13.2015
31.1874 13.2172
31.3241 13.2305
31.4285 13.2576
31.5506 13.3013
31.6584 13.3518
31.7438 13.3816
31.8516 13.4039
31.9561 13.3785
32.082 13.3712
32.1709 13.3819
32.2686 13.3809
32.355 13.3843
32.452 13.373
32.5666 13.3642
32.6872 13.3508
32.8161 13.3386
32.9056 13.3171
33.0079 13.2512
33.1239 13.1595
33.2248 13.0968
33.3156 13.0231
33.4266 12.9564
33.5061 12.8935
33.6011 12.8196
33.6969 12.7467
33.8012 12.7028
33.9064 12.6692
34.0256 12.6492
34.152 12.6468
34.2476 12.6506
34.3269 12.6246
34.4631 12.6071
34.5667 12.5997
34.7019 12.5988
34.7937 12.5894
34.8739 12.5701
34.9581 12.5345
35.0486 12.5035
35.1604 12.4602
35.2796 12.4337
35.3745 12.4368
35.495 12.4514
35.5975 12.4818
35.6943 12.4972
35.7762 12.4771
35.8648 12.4203
35.9995 12.386
36.1235 12.4069
36.2371 12.4263
36.3078 12.4093
36.4217 12.4027
36.5492 12.4193
36.6723 12.4643
36.783 12.5204
36.8786 12.5746
36.9602 12.5907
37.0467 12.5928
37.1367 12.5727
37.2549 12.5372
37.3606 12.511
37.4995 12.5395
37.6077 12.5613
37.7012 12.5596
37.7946 12.5284
37.9021 12.4992
38.0249 12.51
38.1004 12.5282
38.1992 12.5507
38.338 12.5806
38.4401 12.6062
38.5629 12.6282
38.6827 12.6513
38.7733 12.6683
38.8625 12.6755
38.9759 12.6909
39.1012 12.7399
39.1966 12.773
39.2918 12.7585
39.4012 12.7388
39.5098 12.7359
39.6277 12.7544
39.7211 12.7564
39.8308 12.7248
39.9302 12.705
40.0454 12.6903
40.1851 12.7202
40.2865 12.7761
40.4029 12.842
40.5046 12.8948
40.6565 12.956
40.8119 13.0225
40.9074 13.0808
40.9845 13.1016
41.0942 13.1179
41.1855 13.1212
41.3122 13.1137
41.4658 13.1698
41.5663 13.2449
41.6564 13.271
41.7617 13.2863
41.8737 13.2799
41.9648 13.2631
42.0595 13.2329
42.172 13.2167
42.2529 13.2087
42.3663 13.1777
42.4731 13.1447
42.5645 13.1325
42.6881 13.127
42.7821 13.1301
42.8837 13.1125
43 13.0997
43.0934 13.1004
43.1761 13.0706
43.2904 13.0462
43.3927 13.0109
43.5159 12.9708
43.6195 12.9466
43.7264 12.9209
43.8216 12.8739
43.9175 12.7865
44.0201 12.6916
44.1334 12.6561
44.2434 12.648
44.3558 12.6466
44.4529 12.6505
44.5569 12.602
44.6884 12.5572
44.812 12.5627
44.9002 12.5646
45.0166 12.5589
45.1197 12.5703
45.2239 12.5836
45.3498 12.62
45.4868 12.6754
45.5974 12.7461
45.694 12.7969
45.8149 12.8211
45.9249 12.8572
46.0354 12.8851
46.1379 12.9194
46.2466 12.9292
46.3483 12.9453
46.4406 12.9706
46.5581 12.9929
46.6686 13.0185
46.7709 13.0478
46.8677 13.034
46.9741 13.0274
47.1172 13.04
47.217 13.0714
47.3196 13.1041
47.4372 13.1263
47.5609 13.1591
47.6741 13.1889
47.8021 13.2262
47.9177 13.2726
48.0211 13.2967
48.1271 13.2927
48.2533 13.3043
48.3788 13.3384
48.4681 13.3636
48.5777 13.3782
48.6875 13.3661
48.7922 13.3364
48.9038 13.3028
49.0331 13.3097
49.1878 13.3576
49.2942 13.3927
49.4039 13.4118
49.5399 13.4432
49.6767 13.5248
49.7695 13.5739
49.9037 13.627
50.0084 13.6887
50.1172 13.7258
50.2106 13.7251
50.3056 13.7376
50.433 13.7443
50.5528 13.7541
50.6808 13.7682
50.7706 13.7769
50.9169 13.8042
51.0088 13.8124
51.119 13.8189
51.2193 13.7898
51.3265 13.75
51.4311 13.7262
51.554 13.7076
51.6639 13.7011
51.8184 13.7072
51.9176 13.7197
52.0015 13.7269
52.0958 13.7139
52.2174 13.7074
52.3422 13.708
52.4703 13.7031
52.552 13.6758
52.6929 13.6289
52.8216 13.6354
52.9208 13.628
53.016 13.5661
53.1086 13.5111
53.22 13.4472
53.3306 13.3976
53.4383 13.357
53.5384 13.342
53.6256 13.3293
53.7364 13.3135
53.877 13.3096
53.9602 13.2819
54.0443 13.2395
54.1474 13.1725
54.2521 13.1115
54.3726 13.0763
54.4831 13.0659
54.6058 13.0768
54.7358 13.1092
54.8445 13.1397
54.9449 13.1335
55.0583 13.1049
55.1675 13.0651
55.2986 13.0726
55.41 13.1146
55.5007 13.1335
55.6207 13.1358
55.7105 13.1124
55.7841 13.0699
55.8806 13.0164
56.0063 12.9505
56.1222 12.8987
56.2345 12.8811
56.347 12.8907
56.4344 12.9052
56.5524 12.8913
56.6517 12.8895
56.7507 12.8815
56.8356 12.8695
56.9316 12.8576
57.0355 12.8142
57.1577 12.7895
57.2592 12.8065
57.3453 12.8132
57.421 12.7889
57.5407 12.755
57.6181 12.7146
57.7568 12.6768
57.8722 12.6353
57.9736 12.6087
58.0734 12.5825
58.1746 12.563
58.2576 12.5305
58.3927 12.4866
58.4952 12.4564
58.6215 12.453
58.7196 12.4513
58.8047 12.4307
58.9228 12.4345
59.0443 12.4776
59.1518 12.5105
59.2515 12.5267
59.3573 12.5156
59.4651 12.5079
59.5848 12.5135
59.7005 12.5421
59.8355 12.5666
59.9475 12.6089
60.0984 12.6929
60.2149 12.8066
60.362 12.9194
60.4987 13.0328
60.609 13.1206
60.7087 13.1983
60.7981 13.2665
60.9006 13.3167
61.0198 13.377
61.1211 13.4208
61.2281 13.4297
61.3299 13.4218
61.4396 13.4419
61.5362 13.4482
61.631 13.4527
61.717 13.4401
61.8466 13.4122
61.9462 13.3886
62.047 13.3621
62.1395 13.3574
62.2481 13.3474
62.3601 13.3311
62.444 13.3022
62.5383 13.2609
62.6429 13.243
62.7326 13.2034
62.8418 13.1676
62.9488 13.1208
63.0825 13.0923
63.1843 13.0632
63.2693 12.989
63.395 12.8947
63.5123 12.8258
63.6287 12.7503
63.7201 12.6763
63.8176 12.6162
63.9146 12.5861
64.0046 12.5451
64.1143 12.5048
64.2112 12.4706
64.2946 12.4274
64.4041 12.4001
64.5299 12.3754
64.638 12.368
64.7375 12.3812
64.863 12.4164
64.9524 12.4403
65.0632 12.4439
65.1841 12.4589
65.3147 12.4959
65.4244 12.5564
65.5124 12.5797
65.6133 12.5986
65.7167 12.6282
65.7972 12.6318
65.9076 12.6347
66.0207 12.6504
66.1391 12.6674
66.2537 12.6788
66.3805 12.6863
66.4843 12.7296
66.5951 12.7629
66.7138 12.7716
66.8244 12.7778
66.9449 12.7972
67.0661 12.8333
67.1661 12.8688
67.2976 12.9322
67.3841 12.986
67.475 12.9959
67.5786 13.0209
67.7107 13.0496
67.8325 13.088
67.9416 13.1224
68.0504 13.1526
68.179 13.17
68.2939 13.2071
68.4376 13.2545
68.5693 13.3319
68.6748 13.3748
68.8431 13.4196
68.9561 13.4986
69.0349 13.5576
69.1792 13.6138
69.2855 13.6929
69.3929 13.7657
69.4989 13.8059
69.597 13.8278
69.6812 13.8145
69.7714 13.7804
69.8854 13.7221
70.0357 13.7177
70.1655 13.7459
70.2803 13.7698
70.3934 13.7781
70.4991 13.7802
70.5983 13.7703
70.7163 13.761
70.8488 13.7645
70.9767 13.8104
71.086 13.8628
71.1708 13.8843
71.2784 13.8667
71.3814 13.8446
71.4712 13.8141
71.5874 13.7751
71.7001 13.7406
71.7919 13.6896
71.9163 13.6153
72.0241 13.5616
72.1068 13.4689
72.2329 13.3793
72.353 13.3309
72.4813 13.3019
72.5638 13.256
72.6593 13.2117
72.7563 13.1639
72.8715 13.1448
72.9875 13.1544
73.0853 13.1834
73.1737 13.1965
73.2677 13.1526
73.3661 13.068
73.4777 12.999
73.6268 12.9656
73.7299 12.954
73.8202 12.938
73.9269 12.9057
74.0276 12.8614
74.1171 12.7982
74.2296 12.7331
74.3503 12.7171
74.4384 12.7113
74.557 12.7015
74.6704 12.7086
74.7775 12.7306
74.8908 12.7408
74.9861 12.756
75.0684 12.7376
75.2004 12.7073
75.311 12.7201
75.4032 12.723
75.5135 12.6991
75.6406 12.6891
75.7611 12.7038
75.8549 12.7243
75.9488 12.7423
76.0494 12.738
76.1576 12.7283
76.2703 12.7221
76.3958 12.7485
76.4893 12.785
76.5716 12.8036
76.6683 12.7978
76.7829 12.7716
76.8996 12.733
76.9975 12.7276
77.1003 12.7287
77.2148 12.7346
77.3039 12.7458
77.3928 12.7481
77.5025 12.7139
77.6493 12.7229
77.7464 12.7516
77.841 12.7476
77.97 12.747
78.053 12.7362
78.1627 12.7191
78.2521 12.7143
78.3412 12.7116
78.4377 12.667
78.561 12.6411
78.6739 12.6458
