0 8.297
0.0690833 8.2936
0.160083 8.30289
0.23225 8.33545
0.302861 8.37999
0.371139 8.41576
0.441694 8.44641
0.519556 8.47411
0.585278 8.50269
0.653778 8.52977
0.729194 8.55471
0.804556 8.57733
0.874833 8.5891
0.949639 8.60803
1.01544 8.62086
1.09481 8.63501
1.1745 8.6687
1.2505 8.68962
1.32414 8.7193
1.40386 8.74726
1.46992 8.77856
1.55669 8.79998
1.63417 8.82532
1.71492 8.85365
1.80719 8.89458
1.90117 8.94334
2.01297 9.00929
2.10311 9.08528
2.20825 9.15927
2.29306 9.23097
2.38894 9.30738
2.48486 9.3853
2.56825 9.45792
2.65936 9.51369
2.75242 9.57278
2.84342 9.64983
2.94508 9.73144
3.04342 9.82256
3.15192 9.91843
3.25261 10.0287
3.35411 10.1384
3.44758 10.2373
3.55083 10.3436
3.63647 10.4407
3.73664 10.5412
3.82214 10.6363
3.90933 10.7119
4.01294 10.7978
4.11308 10.8722
4.2015 10.9545
4.29814 11.0341
4.41583 11.1308
4.52503 11.2271
4.61636 11.3186
4.71817 11.3955
4.81 11.4561
4.92125 11.5039
5.00606 11.5369
5.08769 11.5455
5.19903 11.5518
5.3005 11.5718
5.40567 11.6002
5.50056 11.6278
5.59328 11.6612
5.68778 11.6802
5.76919 11.6846
5.85761 11.6777
5.95517 11.6699
6.06361 11.6682
6.14833 11.645
6.22022 11.6142
6.31194 11.5806
6.41386 11.5465
6.52969 11.5311
6.62083 11.5418
6.69744 11.5344
6.79078 11.5232
6.88019 11.5083
6.97108 11.4942
7.06428 11.482
7.15275 11.4698
7.247 11.4343
7.33436 11.3956
7.42103 11.357
7.52678 11.3344
7.62347 11.3147
7.71486 11.2937
7.79369 11.2623
7.92458 11.2673
8.0015 11.2724
8.09619 11.2579
8.20453 11.2322
8.30825 11.2283
8.41272 11.2316
8.53411 11.2594
8.65431 11.3173
8.74933 11.3772
8.83892 11.4145
8.93264 11.4369
9.03033 11.4614
9.14617 11.5055
9.26206 11.5588
9.37978 11.6365
9.47275 11.6797
9.55428 11.6875
9.66794 11.7244
9.77044 11.7739
9.84303 11.8063
9.94153 11.828
10.0262 11.8384
10.1297 11.8482
10.2069 11.8548
10.309 11.8583
10.4106 11.8681
10.5249 11.8896
10.621 11.9083
10.7151 11.9226
10.8079 11.9519
10.9067 11.9542
11.0117 11.9649
11.1024 11.9857
11.2056 11.9943
11.2912 11.9829
11.4085 11.9755
11.5271 11.9775
11.6294 11.9682
11.7203 11.9513
11.8071 11.9407
11.9124 11.9231
11.9932 11.9104
12.0905 11.878
12.1887 11.8575
12.2856 11.7951
12.3706 11.7567
12.4805 11.7244
12.614 11.7286
12.7283 11.7401
12.8329 11.7818
12.9431 11.8323
13.0174 11.8674
13.1243 11.898
13.2227 11.9315
13.3139 11.9575
13.4123 11.9756
13.5319 11.9835
13.6259 11.9987
13.7127 11.9993
13.8184 11.9982
13.9246 12.0139
14.0207 12.0251
14.1186 12.0337
14.2353 12.0599
14.3454 12.0957
14.4547 12.126
14.5533 12.123
14.6606 12.1121
14.7506 12.1173
14.8328 12.1146
14.9247 12.1104
15.0069 12.0973
15.0866 12.0822
15.159 12.0417
15.2267 11.9883
15.3332 11.9433
15.4337 11.9268
15.5341 11.8741
15.6227 11.8157
15.7279 11.7519
15.8264 11.7017
15.9395 11.6849
16.0796 11.7016
16.2029 11.7394
16.2986 11.7902
16.3904 11.8225
16.5124 11.8492
16.6167 11.8749
16.7224 11.9143
16.8252 11.9446
16.8932 11.9489
16.9862 11.9295
17.0782 11.8952
17.1784 11.8659
17.2833 11.842
17.3681 11.802
17.4636 11.7691
17.5652 11.7335
17.6839 11.7168
17.7994 11.7465
17.9069 11.7901
18.0011 11.8339
18.1185 11.8893
18.2373 11.9733
18.339 12.0838
18.4503 12.1838
18.5423 12.2556
18.6514 12.3104
18.7643 12.3674
18.8472 12.4101
18.9486 12.424
19.0518 12.4228
19.1642 12.4132
19.2621 12.3955
19.3532 12.3458
19.4347 12.3104
19.5246 12.2576
19.626 12.2055
19.7481 12.167
19.8673 12.1523
19.9653 12.166
20.1026 12.2114
20.1976 12.2781
20.2957 12.3295
20.3898 12.3511
20.4855 12.3764
20.5796 12.3985
20.6881 12.4261
20.803 12.4384
20.9017 12.4333
20.979 12.4005
21.1014 12.3751
21.1956 12.3686
21.3038 12.3456
21.4258 12.3336
21.5497 12.3304
21.6377 12.3351
21.7649 12.349
21.8736 12.379
21.9966 12.4094
22.1052 12.4721
22.2139 12.5214
22.3136 12.5446
22.3843 12.5361
22.5024 12.5483
22.6149 12.573
22.7017 12.6054
22.8076 12.6269
22.9461 12.6661
23.0676 12.7004
23.2121 12.7552
23.3272 12.8169
23.4282 12.8517
23.5266 12.8678
23.6462 12.8872
23.7578 12.9247
23.8798 12.9849
23.9513 13.0198
24.0376 13.0206
24.1318 12.9965
24.2371 12.994
24.3584 13.0059
24.4512 13.0068
24.5567 13.0155
24.6584 13.0085
24.7667 12.9785
24.8886 12.9739
25.0099 12.989
25.1045 12.9734
25.2027 12.9513
25.3036 12.911
25.398 12.875
25.4855 12.8367
25.5837 12.8134
25.6722 12.7907
25.7761 12.7687
25.8764 12.7449
25.9831 12.7358
26.1291 12.7285
26.2185 12.7145
26.3329 12.6721
26.4418 12.6179
26.5534 12.5832
26.6343 12.5513
26.753 12.5303
26.8338 12.4918
26.9283 12.4301
27.0358 12.3862
27.1454 12.3738
27.2586 12.4026
27.359 12.4253
27.4653 12.437
27.5639 12.4546
27.6721 12.4548
27.7559 12.439
27.8608 12.4293
27.9808 12.4162
28.0869 12.3865
28.1718 12.3617
28.2677 12.3319
28.3623 12.3046
28.4898 12.3007
28.6044 12.344
28.7246 12.3887
28.8267 12.4418
28.9227 12.4746
29.0502 12.524
29.154 12.5662
29.2536 12.5693
29.3561 12.5643
29.4652 12.5599
29.5562 12.5413
29.7065 12.5387
29.8102 12.5788
29.9145 12.6067
30.0394 12.6482
30.1291 12.6868
30.2406 12.723
30.3584 12.7687
30.4721 12.792
30.5728 12.8113
30.6847 12.8346
30.7859 12.8328
30.9032 12.8555
31.0269 12.8994
31.1325 12.9537
31.213 12.9637
31.317 12.9588
31.4329 12.9611
31.5342 12.9845
31.6573 13.0219
31.7652 13.0521
31.886 13.0538
31.9851 13.0675
32.0785 13.0523
32.1709 13.0392
32.2855 13.0204
32.4177 13.0157
32.5317 13.0326
32.644 13.0481
32.798 13.0978
32.9079 13.1641
33.0286 13.2056
33.1343 13.2285
33.228 13.2349
33.344 13.2257
33.4629 13.25
33.6016 13.2866
33.71 13.3137
33.8335 13.3392
33.963 13.3863
34.0701 13.423
34.2419 13.4854
34.333 13.5535
34.4574 13.5941
34.5549 13.6145
34.6644 13.6421
34.8068 13.7069
34.9234 13.7795
35.0502 13.8383
35.1366 13.8775
35.2342 13.88
35.3489 13.8794
35.4494 13.8661
35.5347 13.8605
35.6456 13.8648
35.7426 13.8587
35.8463 13.8333
35.9895 13.8285
36.1109 13.8466
36.2064 13.8142
36.3061 13.7698
36.3986 13.708
36.5042 13.6457
36.6023 13.6072
36.718 13.5842
36.8055 13.5359
36.9279 13.4797
