0 7.93389
0.0714444 7.94081
0.144611 7.96588
0.213722 7.99293
0.29075 8.02297
0.366111 8.06868
0.433444 8.11164
0.512778 8.15467
0.590639 8.20176
0.680833 8.25678
0.76175 8.3237
0.85975 8.40123
0.942139 8.48721
1.03558 8.57127
1.12208 8.65735
1.21869 8.74717
1.2985 8.83463
1.38325 8.9149
1.46675 8.99394
1.56461 9.0888
1.65481 9.17613
1.71533 9.24482
1.80083 9.30553
1.89267 9.36161
1.96964 9.41702
2.05308 9.45991
2.13411 9.50151
2.20939 9.55259
2.28292 9.59028
2.37208 9.62857
2.44969 9.66648
2.52819 9.70699
2.618 9.74748
2.70761 9.79927
2.79111 9.85184
2.87489 9.88827
2.96386 9.94368
3.04956 9.99463
3.14761 10.052
3.23189 10.0897
3.32622 10.1326
3.39803 10.15
3.47686 10.1504
3.56342 10.1457
3.65122 10.1329
3.7205 10.1103
3.79378 10.0816
3.88022 10.0598
3.97781 10.0452
4.08389 10.0396
4.16511 10.043
4.24008 10.0555
4.33053 10.0672
4.42139 10.0805
4.50875 10.0944
4.61711 10.1207
4.71567 10.1653
4.82433 10.228
4.91692 10.2962
5.01628 10.3679
5.11539 10.4357
5.20222 10.4959
5.30503 10.5532
5.37269 10.5923
5.46181 10.6109
5.5565 10.636
5.65725 10.6604
5.76142 10.6954
5.86122 10.7295
5.94075 10.7661
6.03856 10.7842
6.1325 10.8188
6.22697 10.8537
6.31558 10.8977
6.427 10.9479
6.52825 11.0079
6.61742 11.0776
6.69439 11.1288
6.77589 11.1599
6.86622 11.1616
6.95711 11.1602
7.05272 11.1659
7.15217 11.1984
7.26658 11.236
7.38131 11.2936
7.46042 11.3271
7.57008 11.3454
7.68344 11.363
7.76606 11.3755
7.86025 11.3747
7.93125 11.3594
8.03633 11.3441
8.13908 11.3411
8.22875 11.3541
8.33164 11.3799
8.45192 11.4208
8.55975 11.4725
8.66172 11.5116
8.74883 11.5302
8.84386 11.5426
8.95292 11.564
9.04581 11.5855
9.15211 11.6123
9.26275 11.6478
9.36733 11.6797
9.46122 11.6988
9.56686 11.7106
9.65617 11.7407
9.75125 11.7733
9.86858 11.8188
9.99414 11.8893
10.094 11.9686
10.2107 12.0248
10.3368 12.0801
10.4517 12.1259
10.576 12.1977
10.6988 12.2812
10.8227 12.3413
10.9117 12.403
11.0244 12.4586
11.1227 12.5317
11.2315 12.5992
11.3389 12.6573
11.4551 12.6985
11.5648 12.764
11.6852 12.8062
11.8069 12.8395
11.9362 12.8945
12.0903 12.9897
12.2167 13.0988
12.308 13.1963
12.4217 13.2673
12.5413 13.3318
12.639 13.3813
12.745 13.4149
12.8429 13.445
12.9585 13.4714
13.0772 13.5095
13.1965 13.5719
13.3114 13.6335
13.4246 13.659
13.5618 13.6871
13.6864 13.7386
13.7927 13.769
13.9524 13.8084
14.0737 13.855
14.1859 13.8676
14.298 13.8912
14.4345 13.9253
14.5467 13.96
14.6642 13.9969
14.7669 14.0391
14.8832 14.064
14.9897 14.0972
15.0946 14.1025
15.212 14.1193
15.302 14.0945
15.423 14.0627
15.5546 14.011
15.6734 13.9671
15.8168 13.95
15.9317 13.975
16.0675 13.9939
16.1737 14.0219
16.275 14.0449
16.38 14.0622
16.4992 14.084
16.582 14.0889
16.6718 14.0498
16.7847 14.0037
16.9033 13.9713
17.0446 13.9659
17.1593 13.9545
17.2375 13.9267
17.3298 13.8579
17.4388 13.768
17.54 13.6969
17.6324 13.6103
17.7234 13.5135
17.849 13.4424
17.9559 13.3734
18.0684 13.3274
18.1977 13.2997
18.323 13.2983
18.4343 13.3066
18.5749 13.3296
18.7001 13.3867
18.8031 13.4267
18.9029 13.4388
19.0356 13.4406
19.148 13.4296
19.2534 13.3952
19.381 13.3728
19.4868 13.3404
19.5999 13.3244
19.7245 13.3276
19.7912 13.3164
19.9052 13.2942
20.0116 13.2972
20.1438 13.3216
20.2548 13.3597
20.3833 13.3722
20.4877 13.3584
20.568 13.3453
20.683 13.3534
20.757 13.3465
20.8608 13.3225
20.9496 13.3144
21.0564 13.3041
21.1677 13.2912
21.2938 13.3117
21.3834 13.3121
21.5079 13.3084
21.6191 13.2893
21.7455 13.2778
21.9023 13.2705
22.0182 13.2797
22.1462 13.2835
22.2766 13.3249
22.3827 13.3558
22.474 13.3571
22.5821 13.3508
22.7029 13.3322
22.8237 13.3379
22.9407 13.3444
23.0562 13.3466
23.1854 13.3812
23.2803 13.4177
23.3709 13.4309
23.476 13.4133
23.5862 13.387
23.6973 13.3555
23.8124 13.3342
23.9197 13.3486
24.039 13.3513
24.1565 13.3891
24.2547 13.441
24.3564 13.4793
24.4638 13.5286
24.6096 13.5841
24.7158 13.6048
24.816 13.6179
24.9363 13.6408
25.0224 13.634
25.1256 13.6072
25.2342 13.5581
25.3274 13.486
25.4115 13.4072
25.5119 13.298
25.6361 13.2114
25.7567 13.1645
25.847 13.1366
25.9619 13.117
26.0699 13.0795
26.1581 13.0379
26.2713 12.9866
26.3945 12.9396
26.4933 12.9173
26.6667 12.9484
26.7571 13.0128
26.8615 13.0408
26.9728 13.0538
27.055 13.0491
27.1618 13.0197
27.2773 13.0152
27.3882 12.9982
27.4996 12.9961
27.6059 12.9995
27.7042 12.9845
27.8116 12.9531
27.937 12.9407
28.0659 12.935
28.2058 12.9539
28.3032 12.9919
28.4248 13.0407
28.536 13.0772
28.6359 13.1135
28.7381 13.154
28.8314 13.1924
28.9239 13.2059
29.0295 13.1971
29.1586 13.1965
29.2711 13.2158
29.3918 13.2293
29.4898 13.2601
29.6043 13.2887
29.7311 13.302
29.8354 13.3229
29.9652 13.3174
30.0439 13.2695
30.1624 13.2414
30.2718 13.2331
30.3973 13.2483
30.5062 13.291
30.6131 13.2957
30.722 13.3044
30.818 13.2944
30.9085 13.2775
31.0221 13.2806
31.1251 13.2814
31.2207 13.2479
31.3509 13.2204
31.4506 13.1722
31.5452 13.1319
31.6502 13.0792
31.7369 13.0237
31.8721 12.9813
31.9816 12.9774
32.093 12.978
32.1893 12.9928
32.3086 13.015
32.4174 13.0157
32.5264 13.0079
32.6275 13.0022
32.7232 12.9806
32.8298 12.9578
32.9484 12.9459
33.0511 12.922
33.1425 12.8856
33.2216 12.8412
33.3126 12.7913
33.4203 12.7308
33.5276 12.6839
33.6411 12.6361
33.7712 12.6333
33.8542 12.6128
33.9637 12.5941
34.0618 12.5867
34.1527 12.5771
34.2638 12.5625
34.3738 12.5665
34.4744 12.5736
34.5745 12.5666
34.68 12.5499
34.7994 12.5566
34.9147 12.5779
35.0364 12.605
35.152 12.6245
35.2717 12.6475
35.379 12.6704
35.4831 12.6845
35.6585 12.7376
35.767 12.7925
35.8807 12.8481
35.9646 12.8783
36.0791 12.9129
36.1806 12.9304
36.2824 12.9226
36.3938 12.9353
36.5174 12.9854
36.6184 13.0399
36.7131 13.0889
36.82 13.1054
36.9149 13.1133
37.0461 13.1019
37.153 13.1213
37.2524 13.1503
37.3664 13.1639
37.4771 13.1837
37.5748 13.2151
37.6773 13.2261
37.7553 13.2128
37.8629 13.1747
37.9695 13.1711
38.0688 13.1498
38.1716 13.1241
38.2852 13.0955
38.3858 13.0546
38.4956 13.0193
38.6058 12.9873
38.7091 12.9666
38.8007 12.9055
38.8824 12.8087
38.9779 12.7104
39.067 12.6325
39.1736 12.5651
39.3151 12.5267
39.4308 12.541
39.5284 12.5431
39.6086 12.5139
39.7117 12.4829
39.8043 12.4531
39.9287 12.4455
40.0285 12.4589
40.1249 12.4465
40.2423 12.4215
40.3563 12.3978
40.4741 12.4107
40.5921 12.4184
40.7054 12.4347
40.7912 12.4436
40.8699 12.4425
40.9675 12.4586
41.0541 12.4412
41.1586 12.4301
41.278 12.4305
41.3766 12.4172
41.495 12.4192
41.6065 12.4247
41.7087 12.4259
41.8144 12.4205
41.9219 12.4263
42.0351 12.455
42.1538 12.5016
42.258 12.5577
42.3607 12.6041
42.4792 12.6281
42.5694 12.6207
42.6892 12.611
42.7989 12.6493
42.9382 12.7047
43.0447 12.7609
43.1778 12.8078
43.3004 12.8677
43.4118 12.9367
43.5154 12.9817
43.6444 13.0245
43.7625 13.0536
43.8798 13.0763
43.9816 13.0866
44.0925 13.1068
44.1833 13.1388
44.2957 13.1739
44.4606 13.2528
44.5535 13.3369
44.6613 13.3927
44.7717 13.4372
44.8761 13.4634
44.9963 13.4827
45.1233 13.5196
45.2383 13.5626
45.3313 13.5909
45.4571 13.6192
45.5606 13.6313
45.6708 13.6364
45.769 13.6407
45.8608 13.6315
45.9852 13.623
46.0888 13.6231
46.209 13.6115
46.3061 13.5709
46.3931 13.5325
46.4899 13.484
46.5968 13.4015
46.691 13.3334
46.7942 13.2728
46.9147 13.2141
47.0607 13.1918
47.1716 13.1919
47.2566 13.1721
47.3612 13.1428
47.4597 13.1309
47.5765 13.1254
47.7079 13.0936
47.8106 13.0663
47.9069 13.0523
47.988 13.0212
48.0803 12.9653
48.1982 12.9202
48.3036 12.8783
48.4256 12.8405
48.5147 12.8073
48.622 12.7836
48.7124 12.7384
48.8012 12.6923
48.9325 12.6758
49.0365 12.6779
49.1411 12.6677
49.2386 12.6534
49.3631 12.6378
49.4565 12.6491
49.5665 12.6538
49.7263 12.6975
49.8437 12.7695
49.9569 12.8325
50.0779 12.9143
50.1984 12.9869
50.2902 12.9937
50.3943 12.9748
50.4754 12.9601
50.6008 12.9532
50.7002 12.9576
50.8049 12.9566
50.8945 12.9326
51.0167 12.8999
51.1204 12.8807
51.2438 12.899
51.3344 12.9324
51.4302 12.948
51.5391 12.9425
51.6476 12.9349
51.7823 12.9434
51.8769 12.9617
51.9953 12.9984
52.0867 13.0362
52.1832 13.0325
52.3082 13.0333
52.4138 13.0542
52.5227 13.0744
52.6674 13.1049
52.7742 13.1373
52.8437 13.1461
52.9349 13.0979
53.0255 13.0093
53.159 12.9503
53.2813 12.905
53.4092 12.8846
53.5092 12.8838
53.6111 12.876
53.7099 12.8837
53.803 12.8831
53.8909 12.8572
53.9959 12.8324
54.1077 12.8261
54.2236 12.8192
54.3294 12.8235
54.4231 12.8101
54.5076 12.7838
54.6225 12.7646
54.7741 12.7939
54.8697 12.822
54.9778 12.8311
55.0974 12.8294
55.1908 12.829
55.2994 12.8255
55.3884 12.8287
55.5009 12.8249
55.6239 12.8144
55.7332 12.8174
55.8374 12.7961
55.9703 12.7914
56.1042 12.8303
56.2228 12.9037
56.3094 12.9709
56.4291 13.002
56.534 13.0122
56.6381 12.9986
56.7204 12.9696
56.8173 12.9293
56.939 12.9104
57.0431 12.9294
57.1669 12.9613
57.2916 13.0142
57.4187 13.06
57.5275 13.1171
57.6666 13.1628
57.7814 13.2226
57.8748 13.2856
57.9896 13.3346
58.0995 13.3448
58.2215 13.3594
58.3603 13.3911
58.4579 13.4125
58.5654 13.4277
58.6546 13.4393
58.7606 13.4503
58.9036 13.4769
59.0072 13.5117
59.1165 13.5093
59.2263 13.5133
59.3278 13.497
59.4222 13.456
59.5393 13.4069
59.6643 13.3901
59.7958 13.4084
59.9246 13.434
60.044 13.475
60.1342 13.5152
60.2339 13.5569
60.3384 13.5831
60.4746 13.5914
60.5908 13.6121
60.6886 13.6118
60.7869 13.5969
60.8751 13.5453
60.9833 13.4918
61.0752 13.4158
61.1833 13.3665
61.3076 13.3515
61.4169 13.3258
61.5216 13.2915
61.636 13.2509
61.7613 13.2287
61.894 13.2302
62.0285 13.2768
62.1309 13.329
62.2475 13.3617
62.365 13.3642
62.4758 13.3947
62.5768 13.4158
62.6903 13.4177
62.7639 13.4173
62.8689 13.4026
62.9754 13.3839
63.0523 13.3165
63.1737 13.2409
63.2766 13.1612
63.379 13.1035
63.5098 13.0798
63.6328 13.087
63.7425 13.0988
63.8465 13.0886
64.0078 13.1171
64.1271 13.1606
64.226 13.2262
64.3184 13.2614
64.4157 13.2829
64.5226 13.2999
64.6443 13.308
64.7349 13.3074
64.8563 13.3078
64.9518 13.3065
65.0494 13.291
65.1239 13.2346
65.1887 13.1112
65.2991 12.9887
65.4073 12.8914
65.506 12.8156
65.6226 12.7572
65.72 12.6971
65.8601 12.6876
65.9574 12.6939
66.0538 12.7029
66.1397 12.6867
66.2415 12.693
66.3454 12.7032
66.4892 12.7274
66.6194 12.7743
66.7451 12.8304
66.8451 12.8482
66.9464 12.8475
67.018 12.8239
67.119 12.7475
67.2023 12.6556
67.3128 12.5599
67.4538 12.524
67.5541 12.5381
67.6799 12.5521
67.7856 12.555
67.8871 12.5578
67.9808 12.5548
68.1011 12.5477
68.2052 12.5544
68.3193 12.5934
68.4408 12.6803
68.5278 12.7576
68.6409 12.7971
68.7437 12.8318
68.8804 12.8763
69.0252 12.9478
69.1685 13.0204
69.2616 13.0723
69.3537 13.1121
69.4515 13.1407
69.5666 13.176
69.6639 13.2041
69.7759 13.21
69.8961 13.1937
70.0166 13.1669
70.1647 13.1711
70.2701 13.1875
70.3703 13.2307
70.498 13.2907
70.6 13.3623
70.6853 13.4145
70.7907 13.4203
70.8976 13.3974
70.9952 13.372
71.0987 13.3465
71.218 13.3412
71.3118 13.3466
71.4151 13.3406
71.5196 13.3229
71.6715 13.3264
71.7716 13.3258
71.888 13.3435
71.9876 13.3687
72.0829 13.3788
72.1747 13.3411
72.2927 13.2754
72.4097 13.1985
72.4843 13.129
72.5884 13.0728
72.7224 13.0643
72.8141 13.0602
72.9567 13.0694
73.0495 13.0797
73.1424 13.0625
73.239 13.0304
73.3794 12.9895
73.4842 12.9617
73.6146 12.9551
73.6911 12.936
73.7878 12.8911
73.888 12.8567
73.9876 12.831
74.0921 12.822
74.1606 12.7949
74.2706 12.7657
74.3815 12.7453
74.4895 12.7183
74.5931 12.7162
74.6966 12.7137
74.7954 12.6827
74.9053 12.6401
75.0032 12.6028
75.1051 12.5615
75.2042 12.5338
75.2902 12.5106
75.4152 12.5112
75.5193 12.4968
75.6392 12.505
75.7397 12.5345
75.845 12.5322
75.9345 12.512
76.0535 12.4875
76.1504 12.4692
76.2534 12.4533
76.3675 12.4668
76.4684 12.4585
76.5726 12.4343
76.6747 12.3919
76.7818 12.3696
