0 6.25611
0.0519722 6.25629
0.0995833 6.25648
0.151194 6.25524
0.216361 6.26096
0.278917 6.28346
0.344472 6.31454
0.408694 6.34328
0.483417 6.38375
0.558056 6.43564
0.631556 6.50131
0.716833 6.57372
0.789722 6.65996
0.863333 6.75484
0.925333 6.83766
1.00739 6.91483
1.07986 6.99735
1.15169 7.08063
1.23578 7.16547
1.30342 7.24623
1.38242 7.33062
1.45608 7.41482
1.52942 7.5004
1.61092 7.59292
1.7 7.70142
1.78219 7.81605
1.87689 7.94834
1.94417 8.07297
2.02236 8.18643
2.08639 8.28015
2.16256 8.36283
2.23808 8.44913
2.31958 8.54056
2.40317 8.64573
2.48275 8.75078
2.5685 8.84377
2.65997 8.93934
2.74178 9.03853
2.82219 9.117
2.9065 9.18573
2.99825 9.2435
3.08933 9.3094
3.17581 9.36147
3.2645 9.41455
3.34844 9.47954
3.43161 9.53501
3.51117 9.57607
3.60892 9.62526
3.70281 9.68008
3.81928 9.75953
3.913 9.84151
4.01542 9.92732
4.09372 10.0124
4.20078 10.0921
4.29481 10.1583
4.39356 10.2228
4.50386 10.2814
4.59006 10.35
4.69461 10.4239
4.79397 10.5122
4.88167 10.608
4.99686 10.7059
5.09883 10.8032
5.20053 10.9034
5.30667 10.9942
5.39128 11.0735
5.49364 11.1382
5.58869 11.1884
5.67047 11.2413
5.78133 11.301
5.88028 11.3598
5.98244 11.4051
6.07728 11.4546
6.17669 11.5014
6.26842 11.5418
6.3675 11.5879
6.47125 11.6473
6.57244 11.7003
6.66667 11.7424
6.77756 11.7546
6.90489 11.7914
6.99931 11.8315
7.12739 11.8829
7.21625 11.9393
7.31444 11.9803
7.42236 12.012
7.52258 12.0387
7.61883 12.0539
7.71592 12.0665
7.81114 12.0719
7.90525 12.0742
8.00769 12.0726
8.10983 12.0704
8.20669 12.051
8.32133 12.0466
8.42386 12.0664
8.52739 12.0811
8.63194 12.1086
8.74275 12.138
8.84489 12.1665
8.94311 12.1875
9.02622 12.1987
9.14914 12.2085
9.24878 12.2302
9.33283 12.2452
9.45122 12.2595
9.55008 12.2719
9.64772 12.2781
9.75525 12.2906
9.85058 12.3072
9.95028 12.2888
10.0516 12.2775
10.1562 12.2529
10.2634 12.2273
10.3803 12.2202
10.4904 12.2305
10.5867 12.2424
10.6778 12.2424
10.7953 12.2485
10.8997 12.2656
11.0011 12.2913
11.0971 12.3056
11.1963 12.3143
11.3032 12.3268
11.4047 12.3321
11.4895 12.3155
11.5955 12.3032
11.7041 12.2978
11.8273 12.3025
11.9293 12.3111
12.0375 12.3262
12.1466 12.3569
12.2464 12.3819
12.3418 12.3779
12.461 12.4023
12.5843 12.4379
12.7006 12.4779
12.8126 12.5203
12.9177 12.5592
13.0269 12.59
13.1409 12.6342
13.2542 12.6683
13.3858 12.7121
13.4914 12.7589
13.5943 12.7995
13.7011 12.8148
13.8048 12.8234
13.9025 12.8416
14.0117 12.8525
14.1159 12.8619
14.2136 12.8611
14.3343 12.8752
14.4381 12.8939
14.5493 12.9242
14.6382 12.9347
14.7599 12.958
14.8794 12.9939
14.9843 13.0258
15.0982 13.0524
15.2169 13.0684
15.3384 13.0976
15.4596 13.1269
15.572 13.1608
15.6695 13.2005
15.7851 13.2199
15.8799 13.2188
16.0032 13.2117
16.1499 13.2357
16.2699 13.2706
16.3821 13.3117
16.506 13.3376
16.6212 13.3725
16.75 13.4017
16.8668 13.4322
16.9576 13.4392
17.0706 13.4474
17.1621 13.4442
17.2834 13.4511
17.3809 13.4701
17.4576 13.4567
17.5545 13.4267
17.69 13.4159
17.8044 13.4287
17.9256 13.4379
18.0267 13.4649
18.1725 13.4986
18.2735 13.5333
18.3939 13.5571
18.5192 13.5668
18.6454 13.5963
18.7602 13.6184
18.8823 13.6474
19.0158 13.671
19.1386 13.71
19.2425 13.7417
19.3596 13.7795
19.4936 13.8235
19.6013 13.8345
19.7347 13.8389
19.8319 13.8325
19.9566 13.8245
20.0649 13.8103
20.1703 13.7859
20.3036 13.7668
20.4186 13.7815
20.5464 13.7953
20.6404 13.834
20.7568 13.862
20.8689 13.8743
20.9694 13.9054
21.0653 13.9438
21.167 13.9492
21.2687 13.9282
21.412 13.9182
21.5395 13.946
21.6617 13.9601
21.7783 13.9711
21.8902 13.9753
22.0241 13.9903
22.1633 14.0181
22.2999 14.0501
22.4577 14.0879
22.5728 14.1343
22.7035 14.1761
22.8212 14.2205
22.9161 14.2303
23.0263 14.208
23.1617 14.204
23.2848 14.2059
23.3828 14.2104
23.5149 14.2267
23.6088 14.2194
23.7172 14.2115
23.86 14.2071
23.9612 14.2027
24.0739 14.1979
24.1917 14.1843
24.3187 14.1925
24.4352 14.2196
24.5496 14.2394
24.6566 14.2622
24.7558 14.2811
24.8545 14.297
24.9555 14.2892
25.0939 14.2559
25.2005 14.2391
25.3189 14.2024
25.4344 14.1889
25.5853 14.2106
25.6888 14.1906
25.7826 14.1411
25.9036 14.0602
26.0309 14.0009
26.1782 13.9631
26.2821 13.9279
26.3918 13.9157
26.5174 13.9253
26.6252 13.9239
26.7352 13.9009
26.8683 13.8895
26.9781 13.8794
27.1061 13.8963
27.1995 13.9072
27.2996 13.8945
27.3843 13.8368
27.5011 13.7943
27.6174 13.7696
27.7629 13.7515
27.879 13.7526
28.0112 13.7781
28.1309 13.8007
28.2514 13.8446
28.3799 13.8945
28.5082 13.9626
28.6089 14.0064
28.7324 14.0302
28.8299 14.0519
28.9445 14.0498
29.0884 14.0293
29.2295 14.0392
29.3263 14.0633
29.4485 14.0953
29.5795 14.1206
29.6948 14.113
29.851 14.1428
29.9869 14.1891
30.0924 14.2282
30.2258 14.2423
30.3499 14.3004
30.4545 14.3251
30.5802 14.3365
30.6903 14.3374
30.8284 14.3707
30.9534 14.423
31.0761 14.5115
31.2141 14.5947
31.3422 14.6595
31.4679 14.7145
31.5947 14.7477
31.6957 14.7486
31.8325 14.7713
31.9448 14.7828
32.0689 14.7871
32.1927 14.7715
32.3194 14.7792
32.4376 14.7864
32.5521 14.8042
32.6812 14.8357
32.8036 14.8622
32.9329 14.8702
33.0735 14.8829
33.1765 14.8971
33.2918 14.8872
33.4078 14.8704
33.509 14.826
33.5997 14.7543
33.726 14.6957
33.8302 14.6599
33.926 14.5693
34.0411 14.5073
34.1341 14.4556
34.2519 14.406
34.3489 14.3337
34.4648 14.2548
34.5662 14.184
34.6683 14.1101
34.7817 14.0316
34.9131 13.9687
35.0342 13.9122
35.1546 13.884
35.2635 13.8469
35.3639 13.8049
35.4759 13.7688
35.6108 13.7439
35.7102 13.7102
35.8761 13.7057
35.9841 13.7117
36.1084 13.7153
36.207 13.6922
36.3621 13.6907
36.501 13.7081
36.6076 13.7156
36.7406 13.7264
36.8652 13.7589
36.9852 13.7854
37.0996 13.8247
37.2284 13.8595
37.3501 13.9024
37.4634 13.957
37.5835 14.008
37.7017 14.0557
37.8314 14.1147
37.9846 14.1998
38.1044 14.2929
38.2133 14.3635
38.3323 14.4297
38.4612 14.4952
38.5689 14.5364
38.6808 14.5611
38.8042 14.5714
38.8999 14.5758
39.0493 14.5912
39.1364 14.6134
39.2406 14.6081
39.3531 14.5937
39.4649 14.5475
39.5583 14.4916
39.6611 14.4272
39.7701 14.3791
39.9189 14.3443
40.0225 14.2934
40.1437 14.2475
40.2481 14.2029
40.343 14.1477
40.4718 14.0854
40.5857 14.0532
40.6576 13.9954
40.7935 13.942
40.8884 13.8864
40.9934 13.8336
41.1008 13.7836
41.2126 13.7167
41.3173 13.6339
41.4517 13.5671
41.6021 13.5308
41.7219 13.5367
41.849 13.5413
41.9742 13.5495
42.087 13.5665
42.1765 13.5561
42.3143 13.5601
42.4212 13.5632
42.5294 13.5551
42.6657 13.5702
42.7683 13.5962
42.8876 13.6329
43.0165 13.681
43.1376 13.7328
43.2777 13.7904
43.3996 13.8314
43.501 13.8469
43.6591 13.879
43.7715 13.9255
43.9042 13.9958
44.0438 14.0609
44.1577 14.1177
44.2325 14.1639
44.3565 14.1725
44.4497 14.1936
44.5609 14.2127
44.6641 14.2242
44.7825 14.2393
44.9027 14.2803
44.9949 14.2689
45.1063 14.2369
45.2328 14.1798
45.3198 14.1283
45.4045 14.0482
45.5093 13.9487
45.6211 13.8981
45.7312 13.8525
45.8409 13.8056
45.9342 13.7572
46.0551 13.7161
46.1836 13.6963
46.3219 13.6967
46.4461 13.6925
46.579 13.7119
46.6967 13.7163
46.8334 13.7077
46.9284 13.7188
47.0592 13.7173
47.1777 13.7027
47.3148 13.6762
47.4384 13.6602
47.5425 13.6401
47.6604 13.6414
47.7823 13.6685
47.8916 13.6857
47.9997 13.7018
48.1312 13.7211
48.2434 13.752
48.354 13.7585
48.4684 13.7799
48.5736 13.806
48.6689 13.8032
48.7829 13.8038
48.8952 13.8357
49.0083 13.8794
49.1024 13.8975
49.2308 13.9085
49.3501 13.9401
49.4721 13.9839
49.5577 14.008
49.6904 14.0003
49.7968 13.9846
49.8977 13.9531
50.0182 13.8988
50.1459 13.8694
50.2748 13.8489
50.4042 13.8392
50.5082 13.8291
50.6726 13.843
50.8294 13.8849
50.966 13.9531
51.0777 13.992
51.1539 14.0071
51.2591 13.9877
51.3741 13.977
51.4631 13.9559
51.5919 13.944
51.7177 13.9407
51.8304 13.9279
52.0009 13.9587
52.1154 14.0069
52.2622 14.0866
52.3687 14.1478
52.5128 14.2003
52.6312 14.2793
52.7577 14.3646
52.8926 14.4499
53.0042 14.4971
53.0972 14.5144
53.209 14.5283
53.3181 14.5333
53.4041 14.5169
53.5198 14.5012
53.6182 14.4856
53.7189 14.4493
53.8644 14.4156
53.9891 14.4046
54.1022 14.3996
54.1974 14.3538
54.2969 14.2599
54.4332 14.1365
54.591 14.0976
54.6788 14.0913
54.8161 14.1063
54.9142 14.1225
55.0248 14.1482
55.1456 14.1655
55.282 14.1726
55.4134 14.2109
55.5254 14.2108
55.638 14.1855
55.7586 14.136
55.8574 14.0956
55.9751 14.0509
56.1161 14.0048
56.2193 13.9684
56.3352 13.9137
56.4565 13.883
56.5911 13.8834
56.71 13.9063
56.835 13.9546
56.9528 14.0041
57.0483 14.041
57.162 14.0741
57.2766 14.1081
57.4057 14.1292
57.5133 14.1247
57.6159 14.1106
57.7125 14.099
57.8338 14.0942
57.9807 14.1287
58.0984 14.1195
58.2288 14.1254
58.3268 14.1286
58.4659 14.133
58.5739 14.1442
58.6959 14.1536
58.8126 14.1537
58.9278 14.1324
59.0537 14.1162
59.1816 14.1261
59.2995 14.1512
59.4148 14.1695
59.5517 14.2008
59.6973 14.2397
59.8156 14.2645
59.9276 14.2912
60.0539 14.318
60.1831 14.3357
60.2765 14.332
60.3865 14.2937
60.5614 14.302
60.6733 14.348
60.8284 14.4131
60.9729 14.4852
61.102 14.5806
61.2362 14.647
61.3609 14.7179
61.4555 14.7837
61.5911 14.8421
61.7018 14.8771
61.8283 14.8868
61.9714 14.8936
62.0933 14.9267
62.2018 14.9448
62.3283 14.9597
62.4652 14.9825
62.5834 15.0056
62.6874 15.0223
62.8111 15.0237
62.929 15.0137
63.0706 15.0119
63.1819 15.0249
63.3147 15.0346
63.4168 15.0035
63.5099 14.9601
63.6181 14.9146
63.7228 14.8573
63.8523 14.8106
64.0037 14.8182
64.1594 14.8713
64.261 14.8874
64.4328 14.908
64.5489 14.917
64.6538 14.898
64.7632 14.8356
64.9023 14.8007
65.0051 14.7596
65.1089 14.7137
65.2237 14.6745
65.3285 14.6349
65.451 14.5953
65.5566 14.5504
65.6745 14.4833
65.81 14.4463
65.9304 14.4329
66.0503 14.4278
66.1621 14.4062
66.2938 14.3895
66.4007 14.3838
66.5438 14.3977
66.652 14.4019
66.7691 14.3822
66.8979 14.3685
67.0336 14.3856
67.1644 14.4362
67.2608 14.4728
67.3864 14.5109
67.4975 14.5413
67.6388 14.5399
67.7592 14.5262
67.8951 14.5157
67.9976 14.4691
68.1701 14.4416
68.2974 14.4667
68.4329 14.4924
68.5875 14.5293
68.7284 14.6011
68.8502 14.6884
68.971 14.7744
69.0903 14.8235
69.2222 14.8868
69.368 14.9685
69.4747 15.0405
69.5968 15.0802
69.7123 15.0985
69.841 15.0965
69.9566 15.1172
70.0668 15.123
70.1694 15.1177
70.3063 15.0923
70.4082 15.0712
70.5542 15.0806
70.6627 15.0898
70.7895 15.0611
70.9124 15.0377
71.0578 15.0623
71.1632 15.0788
71.2908 15.0909
71.4301 15.1034
71.5514 15.119
71.6989 15.1336
71.8025 15.1537
71.9013 15.129
72.0342 15.073
72.1587 15.0395
72.2518 14.986
72.3547 14.8778
72.4921 14.7969
72.6223 14.7432
72.7377 14.7123
72.8636 14.6721
72.9879 14.6281
73.1035 14.5999
73.2313 14.5816
73.3297 14.5605
73.4334 14.5238
73.5721 14.4984
73.7126 14.5128
73.8459 14.5595
73.9872 14.6144
74.1384 14.6712
74.248 14.7129
74.3608 14.717
74.474 14.7422
74.5837 14.7377
74.7096 14.7138
74.8096 14.6869
74.9406 14.6647
75.0632 14.6376
75.1886 14.6084
75.3387 14.5949
75.4575 14.5936
75.5572 14.6001
75.6767 14.6031
75.8233 14.5995
75.9722 14.6467
76.1007 14.7227
76.2116 14.7701
76.3389 14.7935
76.4291 14.7919
76.5469 14.7797
76.6608 14.7585
76.7775 14.7379
76.8902 14.7276
77.0217 14.7346
77.122 14.7431
77.2311 14.7346
77.3376 14.6928
77.4346 14.6146
77.5321 14.511
77.6493 14.4056
77.8094 14.3373
77.9531 14.3392
78.0752 14.3468
78.219 14.3803
78.3288 14.4032
78.4262 14.4206
78.5288 14.4144
78.6167 14.3777
78.7629 14.3466
78.8695 14.3107
78.9518 14.2528
79.0682 14.1961
79.2013 14.153
79.307 14.132
79.3897 14.0407
79.517 13.9434
79.671 13.897
79.7743 13.8712
79.8734 13.8411
79.9862 13.8313
80.0872 13.8024
80.1992 13.775
80.3226 13.748
80.4218 13.7109
80.541 13.6947
80.6755 13.701
80.84 13.7546
80.9506 13.8312
81.0804 13.9114
81.1909 13.9874
81.3044 14.0064
81.4207 13.9827
81.5434 13.9532
81.7043 13.9479
81.8016 13.9473
81.8805 13.9229
82.0117 13.9119
82.1383 13.9461
82.2786 13.9749
82.394 13.9945
82.4794 14.021
82.5845 14.0389
82.6745 14.0298
82.7927 14.0029
82.8937 13.997
83.0243 14.0069
83.1321 13.983
83.2628 13.9574
83.3639 13.961
83.483 13.9601
83.6111 13.9872
83.7407 14.0202
83.8514 14.0561
83.9689 14.0898
84.1053 14.1296
84.2167 14.1379
84.3541 14.13
84.4617 14.1056
84.5714 14.0766
84.6842 14.05
84.7871 14.0308
84.9325 14.0218
85.0581 14.0328
85.1885 14.0166
85.3038 14.0076
85.4188 14.0205
85.5436 14.042
85.684 14.0757
85.7997 14.0918
85.9277 14.0994
86.045 14.1372
